0 info it worked if it ends with ok
1 verbose cli [ '/Users/soloschenko/.nvm/versions/node/v6.9.2/bin/node',
1 verbose cli   '/Users/soloschenko/npm/bin/npm',
1 verbose cli   'start' ]
2 info using npm@3.5.2
3 info using node@v6.9.2
4 verbose run-script [ 'prestart', 'start', 'poststart' ]
5 info lifecycle classroom-front@0.0.1~prestart: classroom-front@0.0.1
6 silly lifecycle classroom-front@0.0.1~prestart: no script for prestart, continuing
7 info lifecycle classroom-front@0.0.1~start: classroom-front@0.0.1
8 verbose lifecycle classroom-front@0.0.1~start: unsafe-perm in lifecycle true
9 verbose lifecycle classroom-front@0.0.1~start: PATH: /Users/soloschenko/npm/lib/node_modules/npm/bin/node-gyp-bin:/Users/soloschenko/Documents/Work/classroom-front/node_modules/.bin:/Users/soloschenko/npm/bin/:/Users/soloschenko/.nvm/versions/node/v6.9.2/bin:/usr/local/bin:/usr/bin:/bin:/usr/sbin:/sbin
10 verbose lifecycle classroom-front@0.0.1~start: CWD: /Users/soloschenko/Documents/Work/classroom-front
11 silly lifecycle classroom-front@0.0.1~start: Args: [ '-c', 'gulp' ]
12 silly lifecycle classroom-front@0.0.1~start: Returned: code: 1  signal: null
13 info lifecycle classroom-front@0.0.1~start: Failed to exec start script
14 verbose stack Error: classroom-front@0.0.1 start: `gulp`
14 verbose stack Exit status 1
14 verbose stack     at EventEmitter.<anonymous> (/Users/soloschenko/npm/lib/node_modules/npm/lib/utils/lifecycle.js:232:16)
14 verbose stack     at emitTwo (events.js:106:13)
14 verbose stack     at EventEmitter.emit (events.js:191:7)
14 verbose stack     at ChildProcess.<anonymous> (/Users/soloschenko/npm/lib/node_modules/npm/lib/utils/spawn.js:24:14)
14 verbose stack     at emitTwo (events.js:106:13)
14 verbose stack     at ChildProcess.emit (events.js:191:7)
14 verbose stack     at maybeClose (internal/child_process.js:877:16)
14 verbose stack     at Process.ChildProcess._handle.onexit (internal/child_process.js:226:5)
15 verbose pkgid classroom-front@0.0.1
16 verbose cwd /Users/soloschenko/Documents/Work/classroom-front
17 error Darwin 16.1.0
18 error argv "/Users/soloschenko/.nvm/versions/node/v6.9.2/bin/node" "/Users/soloschenko/npm/bin/npm" "start"
19 error node v6.9.2
20 error npm  v3.5.2
21 error code ELIFECYCLE
22 error classroom-front@0.0.1 start: `gulp`
22 error Exit status 1
23 error Failed at the classroom-front@0.0.1 start script 'gulp'.
23 error Make sure you have the latest version of node.js and npm installed.
23 error If you do, this is most likely a problem with the classroom-front package,
23 error not with npm itself.
23 error Tell the author that this fails on your system:
23 error     gulp
23 error You can get information on how to open an issue for this project with:
23 error     npm bugs classroom-front
23 error Or if that isn't available, you can get their info via:
23 error     npm owner ls classroom-front
23 error There is likely additional logging output above.
24 verbose exit [ 1, true ]
